Copyright 1986-2019 Xilinx, Inc. All Rights Reserved.
-----------------------------------------------------------------------------------------
| Tool Version      : Vivado v.2019.2 (win64) Build 2708876 Wed Nov  6 21:40:23 MST 2019
| Date              : Sun Feb 25 17:28:33 2024
| Host              : LAPTOP-3EF4A3RH running 64-bit major release  (build 9200)
| Command           : report_clock_utilization -file top_clock_utilization_routed.rpt
| Design            : top
| Device            : xczu9eg-ffvb1156
| Speed File        : -3  PRODUCTION 1.26 08-13-2019
| Temperature Grade : E
| Design State      : Routed
-----------------------------------------------------------------------------------------

Clock Utilization Report

Table of Contents
-----------------
1. Clock Primitive Utilization
2. Global Clock Resources
3. Global Clock Source Details
4. Local Clock Details
5. Clock Regions : Clock Primitives
6. Clock Regions : Load Primitives
7. Clock Regions : Global Clock Summary
8. Clock Regions : Routing Resource Utilization
9. Device Cell Placement Summary for Global Clock g0
10. Device Cell Placement Summary for Global Clock g1
11. Device Cell Placement Summary for Global Clock g2
12. Device Cell Placement Summary for Global Clock g3
13. Device Cell Placement Summary for Global Clock g4
14. Device Cell Placement Summary for Global Clock g5
15. Clock Region Cell Placement per Global Clock: Region X3Y0
16. Clock Region Cell Placement per Global Clock: Region X3Y6

1. Clock Primitive Utilization
------------------------------

+------------+------+-----------+-----+--------------+--------+
| Type       | Used | Available | LOC | Clock Region | Pblock |
+------------+------+-----------+-----+--------------+--------+
| BUFGCE     |    2 |       116 |   0 |            0 |      0 |
| BUFGCE_DIV |    0 |        16 |   0 |            0 |      0 |
| BUFGCTRL   |    0 |        32 |   0 |            0 |      0 |
| BUFG_GT    |    4 |       168 |   0 |            0 |      0 |
| MMCM       |    0 |         4 |   0 |            0 |      0 |
| PLL        |    0 |         8 |   0 |            0 |      0 |
+------------+------+-----------+-----+--------------+--------+


2. Global Clock Resources
-------------------------

+-----------+-----------+-----------------+------------+------------------+--------------+------+-------------------+-------------------+-------------+-----------------+--------------+-----------------+---------------------------------------------------------------------------------------------------------------------------------------------+-----------------------------------------------------------------------------------------------------------+
| Global Id | Source Id | Driver Type/Pin | Constraint | Site             | Clock Region | Root | Clock Delay Group | Load Clock Region | Clock Loads | Non-Clock Loads | Clock Period | Clock           | Driver Pin                                                                                                                                  | Net                                                                                                       |
+-----------+-----------+-----------------+------------+------------------+--------------+------+-------------------+-------------------+-------------+-----------------+--------------+-----------------+---------------------------------------------------------------------------------------------------------------------------------------------+-----------------------------------------------------------------------------------------------------------+
| g0        | src0      | BUFG_GT/O       | None       | BUFG_GT_X1Y93    | X3Y6         | X3Y6 |                   |                 1 |        1211 |               0 |        6.400 | tx_clk_out      | ethernet_inst/axi4_stream_sfp_ethernet_controller_inst/inst/i_core_gtwiz_userclk_tx_inst_0/gen_gtwiz_userclk_tx_main.bufg_gt_usrclk2_inst/O | ethernet_inst/axi4_stream_sfp_ethernet_controller_inst/inst/i_core_gtwiz_userclk_tx_inst_0/CLK            |
| g1        | src0      | BUFG_GT/O       | None       | BUFG_GT_X1Y92    | X3Y6         | X3Y6 |                   |                 1 |           1 |               0 |        3.200 | txoutclk_out[0] | ethernet_inst/axi4_stream_sfp_ethernet_controller_inst/inst/i_core_gtwiz_userclk_tx_inst_0/gen_gtwiz_userclk_tx_main.bufg_gt_usrclk_inst/O  | ethernet_inst/axi4_stream_sfp_ethernet_controller_inst/inst/i_core_gtwiz_userclk_tx_inst_0/txusrclk_in[0] |
| g2        | src1      | BUFGCE/O        | None       | BUFGCE_HDIO_X0Y3 | X3Y3         | X3Y6 |                   |                 1 |         231 |               0 |        8.000 | CLK_125_P       | CLK_125_BUFG_inst/O                                                                                                                         | CLK_125_BUFG                                                                                              |
| g3        | src0      | BUFG_GT/O       | None       | BUFG_GT_X1Y95    | X3Y6         | X3Y6 |                   |                 1 |          64 |               0 |        6.400 | rx_clk_out      | ethernet_inst/axi4_stream_sfp_ethernet_controller_inst/inst/i_core_gtwiz_userclk_rx_inst_0/gen_gtwiz_userclk_rx_main.bufg_gt_usrclk2_inst/O | ethernet_inst/axi4_stream_sfp_ethernet_controller_inst/inst/i_core_gtwiz_userclk_rx_inst_0/i_ll_rx_n      |
| g4        | src0      | BUFG_GT/O       | None       | BUFG_GT_X1Y94    | X3Y6         | X3Y6 |                   |                 1 |           1 |               0 |        3.200 | rxoutclk_out[0] | ethernet_inst/axi4_stream_sfp_ethernet_controller_inst/inst/i_core_gtwiz_userclk_rx_inst_0/gen_gtwiz_userclk_rx_main.bufg_gt_usrclk_inst/O  | ethernet_inst/axi4_stream_sfp_ethernet_controller_inst/inst/i_core_gtwiz_userclk_rx_inst_0/rxusrclk_in[0] |
| g5        | src2      | BUFGCE/O        | None       | BUFGCE_HDIO_X0Y1 | X3Y0         | X3Y0 |                   |                 1 |          34 |               0 |       13.400 | CLK_74_25_P     | CLK_74_25_BUFG_inst/O                                                                                                                       | CLK_74_25_BUFG                                                                                            |
+-----------+-----------+-----------------+------------+------------------+--------------+------+-------------------+-------------------+-------------+-----------------+--------------+-----------------+---------------------------------------------------------------------------------------------------------------------------------------------+-----------------------------------------------------------------------------------------------------------+
* Clock Loads column represents the clock pin loads (pin count)
** Non-Clock Loads column represents the non-clock pin loads (pin count)


3. Global Clock Source Details
------------------------------

+-----------+-----------+------------------------+---------------------+---------------------+--------------+-------------+-----------------+---------------------+-----------------+----------------------------------------------------------------------------------------------------------------------------------------------------------------------------------------------------------------------------------------------------------------------------------------------------------------------------------------------------------------------------------+---------------------------------------------------------------------------------------------------------------------------------------------------------------------------------------------------------------------------------------------------------------------------------------------------------------------+
| Source Id | Global Id | Driver Type/Pin        | Constraint          | Site                | Clock Region | Clock Loads | Non-Clock Loads | Source Clock Period | Source Clock    | Driver Pin                                                                                                                                                                                                                                                                                                                                                                       | Net                                                                                                                                                                                                                                                                                                                 |
+-----------+-----------+------------------------+---------------------+---------------------+--------------+-------------+-----------------+---------------------+-----------------+----------------------------------------------------------------------------------------------------------------------------------------------------------------------------------------------------------------------------------------------------------------------------------------------------------------------------------------------------------------------------------+---------------------------------------------------------------------------------------------------------------------------------------------------------------------------------------------------------------------------------------------------------------------------------------------------------------------+
| src0      | g3, g4    | GTHE4_CHANNEL/RXOUTCLK | GTHE4_CHANNEL_X1Y15 | GTHE4_CHANNEL_X1Y15 | X3Y6         |           3 |               0 |               3.200 | rxoutclk_out[0] | ethernet_inst/axi4_stream_sfp_ethernet_controller_inst/inst/i_axi4_stream_sfp_ethernet_controller_gt/inst/gen_gtwizard_gthe4_top.axi4_stream_sfp_ethernet_controller_gt_gtwizard_gthe4_inst/gen_gtwizard_gthe4.gen_channel_container[1].gen_enabled_channel.gthe4_channel_wrapper_inst/channel_inst/gthe4_channel_gen.gen_gthe4_channel_inst[0].GTHE4_CHANNEL_PRIM_INST/RXOUTCLK | ethernet_inst/axi4_stream_sfp_ethernet_controller_inst/inst/i_axi4_stream_sfp_ethernet_controller_gt/inst/gen_gtwizard_gthe4_top.axi4_stream_sfp_ethernet_controller_gt_gtwizard_gthe4_inst/gen_gtwizard_gthe4.gen_channel_container[1].gen_enabled_channel.gthe4_channel_wrapper_inst/channel_inst/rxoutclk_out[0] |
| src0      | g0, g1    | GTHE4_CHANNEL/TXOUTCLK | GTHE4_CHANNEL_X1Y15 | GTHE4_CHANNEL_X1Y15 | X3Y6         |           3 |               0 |               3.200 | txoutclk_out[0] | ethernet_inst/axi4_stream_sfp_ethernet_controller_inst/inst/i_axi4_stream_sfp_ethernet_controller_gt/inst/gen_gtwizard_gthe4_top.axi4_stream_sfp_ethernet_controller_gt_gtwizard_gthe4_inst/gen_gtwizard_gthe4.gen_channel_container[1].gen_enabled_channel.gthe4_channel_wrapper_inst/channel_inst/gthe4_channel_gen.gen_gthe4_channel_inst[0].GTHE4_CHANNEL_PRIM_INST/TXOUTCLK | ethernet_inst/axi4_stream_sfp_ethernet_controller_inst/inst/i_axi4_stream_sfp_ethernet_controller_gt/inst/gen_gtwizard_gthe4_top.axi4_stream_sfp_ethernet_controller_gt_gtwizard_gthe4_inst/gen_gtwizard_gthe4.gen_channel_container[1].gen_enabled_channel.gthe4_channel_wrapper_inst/channel_inst/txoutclk_out[0] |
| src1      | g2        | IBUFCTRL/O             | IOB_X0Y164          | IOB_X0Y164          | X3Y3         |           1 |               0 |               8.000 | CLK_125_P       | clock_generator_inst/IBUFDS_clk_125/IBUFCTRL_INST/O                                                                                                                                                                                                                                                                                                                              | clock_generator_inst/IBUFDS_clk_125/O                                                                                                                                                                                                                                                                               |
| src2      | g5        | IBUFCTRL/O             | IOB_X0Y8            | IOB_X0Y8            | X3Y0         |           1 |               0 |              13.400 | CLK_74_25_P     | clock_generator_inst/IBUFDS_clk_74_25/IBUFCTRL_INST/O                                                                                                                                                                                                                                                                                                                            | clock_generator_inst/IBUFDS_clk_74_25/O                                                                                                                                                                                                                                                                             |
+-----------+-----------+------------------------+---------------------+---------------------+--------------+-------------+-----------------+---------------------+-----------------+----------------------------------------------------------------------------------------------------------------------------------------------------------------------------------------------------------------------------------------------------------------------------------------------------------------------------------------------------------------------------------+---------------------------------------------------------------------------------------------------------------------------------------------------------------------------------------------------------------------------------------------------------------------------------------------------------------------+
* Clock Loads column represents the clock pin loads (pin count)
** Non-Clock Loads column represents the non-clock pin loads (pin count)


4. Local Clock Details
----------------------

+----------+---------------------------+---------------------+-----------------------------------+--------------+-------------+-----------------+--------------+--------------------+-------------------------------------------------------------------------------------------------------------------------------------------------------------------------------------------------------------------------------------------------------------------------------------------------------------------------------------------------------------------------------------+------------------------------------------------------------------------------------------------------------------------------------------------------------------------------------------------------------------------------------------------------------------------------------------------------------------------+
| Local Id | Driver Type/Pin           | Constraint          | Site/BEL                          | Clock Region | Clock Loads | Non-Clock Loads | Clock Period | Clock              | Driver Pin                                                                                                                                                                                                                                                                                                                                                                          | Net                                                                                                                                                                                                                                                                                                                    |
+----------+---------------------------+---------------------+-----------------------------------+--------------+-------------+-----------------+--------------+--------------------+-------------------------------------------------------------------------------------------------------------------------------------------------------------------------------------------------------------------------------------------------------------------------------------------------------------------------------------------------------------------------------------+------------------------------------------------------------------------------------------------------------------------------------------------------------------------------------------------------------------------------------------------------------------------------------------------------------------------||
| 0        | GTHE4_CHANNEL/RXOUTCLKPCS | GTHE4_CHANNEL_X1Y15 | GTHE4_CHANNEL_X1Y15/GTHE4_CHANNEL | X3Y6         |          15 |               0 |        3.103 | rxoutclkpcs_out[0] | ethernet_inst/axi4_stream_sfp_ethernet_controller_inst/inst/i_axi4_stream_sfp_ethernet_controller_gt/inst/gen_gtwizard_gthe4_top.axi4_stream_sfp_ethernet_controller_gt_gtwizard_gthe4_inst/gen_gtwizard_gthe4.gen_channel_container[1].gen_enabled_channel.gthe4_channel_wrapper_inst/channel_inst/gthe4_channel_gen.gen_gthe4_channel_inst[0].GTHE4_CHANNEL_PRIM_INST/RXOUTCLKPCS | ethernet_inst/axi4_stream_sfp_ethernet_controller_inst/inst/i_axi4_stream_sfp_ethernet_controller_gt/inst/gen_gtwizard_gthe4_top.axi4_stream_sfp_ethernet_controller_gt_gtwizard_gthe4_inst/gen_gtwizard_gthe4.gen_channel_container[1].gen_enabled_channel.gthe4_channel_wrapper_inst/channel_inst/rxoutclkpcs_out[0] - Static -
+----------+---------------------------+---------------------+-----------------------------------+--------------+-------------+-----------------+--------------+--------------------+-------------------------------------------------------------------------------------------------------------------------------------------------------------------------------------------------------------------------------------------------------------------------------------------------------------------------------------------------------------------------------------+------------------------------------------------------------------------------------------------------------------------------------------------------------------------------------------------------------------------------------------------------------------------------------------------------------------------||
* Local Clocks in this context represents only clocks driven by non-global buffers
** Clock Loads column represents the clock pin loads (pin count)
*** Non-Clock Loads column represents the non-clock pin loads (pin count)


5. Clock Regions : Clock Primitives
-----------------------------------

+-------------------+--------------+--------------+--------------+--------------+--------------+--------------+--------------+
|                   | Global Clock |    BUFGCE    |  BUFGCE_DIV  |   BUFGCTRL   |    BUFG_GT   |     MMCM     |      PLL     |
+-------------------+------+-------+------+-------+------+-------+------+-------+------+-------+------+-------+------+-------+
| Clock Region Name | Used | Avail | Used | Avail | Used | Avail | Used | Avail | Used | Avail | Used | Avail | Used | Avail |
+-------------------+------+-------+------+-------+------+-------+------+-------+------+-------+------+-------+------+-------+
| X0Y0              |    0 |     0 |    0 |     0 |    0 |     0 |    0 |     0 |    0 |     0 |    0 |     0 |    0 |     0 |
| X1Y0              |    0 |    24 |    0 |     0 |    0 |     0 |    0 |     0 |    0 |     0 |    0 |     0 |    0 |     0 |
| X2Y0              |    0 |    24 |    0 |     0 |    0 |     0 |    0 |     0 |    0 |     0 |    0 |     0 |    0 |     0 |
| X3Y0              |    1 |    24 |    1 |    28 |    0 |     4 |    0 |     8 |    0 |     0 |    0 |     1 |    0 |     2 |
| X0Y1              |    0 |     0 |    0 |     0 |    0 |     0 |    0 |     0 |    0 |     0 |    0 |     0 |    0 |     0 |
| X1Y1              |    0 |    24 |    0 |     0 |    0 |     0 |    0 |     0 |    0 |     0 |    0 |     0 |    0 |     0 |
| X2Y1              |    0 |    24 |    0 |     0 |    0 |     0 |    0 |     0 |    0 |     0 |    0 |     0 |    0 |     0 |
| X3Y1              |    0 |    24 |    0 |    24 |    0 |     4 |    0 |     8 |    0 |     0 |    0 |     1 |    0 |     2 |
| X0Y2              |    0 |     0 |    0 |     0 |    0 |     0 |    0 |     0 |    0 |     0 |    0 |     0 |    0 |     0 |
| X1Y2              |    0 |    24 |    0 |     0 |    0 |     0 |    0 |     0 |    0 |     0 |    0 |     0 |    0 |     0 |
| X2Y2              |    0 |    24 |    0 |     0 |    0 |     0 |    0 |     0 |    0 |     0 |    0 |     0 |    0 |     0 |
| X3Y2              |    0 |    24 |    0 |    24 |    0 |     4 |    0 |     8 |    0 |     0 |    0 |     1 |    0 |     2 |
| X0Y3              |    0 |    24 |    0 |     0 |    0 |     0 |    0 |     0 |    0 |    24 |    0 |     0 |    0 |     0 |
| X1Y3              |    0 |    24 |    0 |     0 |    0 |     0 |    0 |     0 |    0 |     0 |    0 |     0 |    0 |     0 |
| X2Y3              |    0 |    24 |    0 |     0 |    0 |     0 |    0 |     0 |    0 |     0 |    0 |     0 |    0 |     0 |
| X3Y3              |    1 |    24 |    1 |    28 |    0 |     4 |    0 |     8 |    0 |     0 |    0 |     1 |    0 |     2 |
| X0Y4              |    0 |    24 |    0 |     0 |    0 |     0 |    0 |     0 |    0 |    24 |    0 |     0 |    0 |     0 |
| X1Y4              |    0 |    24 |    0 |     0 |    0 |     0 |    0 |     0 |    0 |     0 |    0 |     0 |    0 |     0 |
| X2Y4              |    0 |    24 |    0 |     0 |    0 |     0 |    0 |     0 |    0 |     0 |    0 |     0 |    0 |     0 |
| X3Y4              |    1 |    24 |    0 |     4 |    0 |     0 |    0 |     0 |    0 |    24 |    0 |     0 |    0 |     0 |
| X0Y5              |    0 |    24 |    0 |     0 |    0 |     0 |    0 |     0 |    0 |    24 |    0 |     0 |    0 |     0 |
| X1Y5              |    0 |    24 |    0 |     0 |    0 |     0 |    0 |     0 |    0 |     0 |    0 |     0 |    0 |     0 |
| X2Y5              |    0 |    24 |    0 |     0 |    0 |     0 |    0 |     0 |    0 |     0 |    0 |     0 |    0 |     0 |
| X3Y5              |    1 |    24 |    0 |     4 |    0 |     0 |    0 |     0 |    0 |    24 |    0 |     0 |    0 |     0 |
| X0Y6              |    0 |    24 |    0 |     0 |    0 |     0 |    0 |     0 |    0 |    24 |    0 |     0 |    0 |     0 |
| X1Y6              |    0 |    24 |    0 |     0 |    0 |     0 |    0 |     0 |    0 |     0 |    0 |     0 |    0 |     0 |
| X2Y6              |    0 |    24 |    0 |     0 |    0 |     0 |    0 |     0 |    0 |     0 |    0 |     0 |    0 |     0 |
| X3Y6              |    5 |    24 |    0 |     4 |    0 |     0 |    0 |     0 |    4 |    24 |    0 |     0 |    0 |     0 |
+-------------------+------+-------+------+-------+------+-------+------+-------+------+-------+------+-------+------+-------+
* Global Clock column represents track count; while other columns represents cell counts


6. Clock Regions : Load Primitives
----------------------------------

+-------------------+------------------+------------------+------------------+------------------+------------------+------------------+------------------+
|                   |   Global Clock   |        FF        |      LUTRAM      |  Block RAM (18K) |        DSP       |        GT        |      HARD IP     |
+-------------------+--------+---------+--------+---------+--------+---------+--------+---------+--------+---------+--------+---------+--------+---------+
| Clock Region Name | Used   | Avail   | Used   | Avail   | Used   | Avail   | Used   | Avail   | Used   | Avail   | Used   | Avail   | Used   | Avail   |
+-------------------+--------+---------+--------+---------+--------+---------+--------+---------+--------+---------+--------+---------+--------+---------+
| X0Y0              |      0 |       0 |      0 |       0 |      0 |       0 |      0 |       0 |      0 |       0 |      0 |       0 |      0 |       0 |
| X1Y0              |      0 |      24 |      0 |   19200 |      0 |    5280 |      0 |      48 |      0 |     120 |      0 |       0 |      0 |       0 |
| X2Y0              |      0 |      24 |      0 |   20160 |      0 |    5280 |      0 |      72 |      0 |      96 |      0 |       0 |      0 |       0 |
| X3Y0              |      1 |      24 |     34 |   19200 |      0 |    4800 |      0 |      72 |      0 |      48 |      0 |       0 |      0 |       0 |
| X0Y1              |      0 |       0 |      0 |       0 |      0 |       0 |      0 |       0 |      0 |       0 |      0 |       0 |      0 |       0 |
| X1Y1              |      0 |      24 |      0 |   19200 |      0 |    5280 |      0 |      48 |      0 |     120 |      0 |       0 |      0 |       0 |
| X2Y1              |      0 |      24 |      0 |   20160 |      0 |    5280 |      0 |      72 |      0 |      96 |      0 |       0 |      0 |       0 |
| X3Y1              |      0 |      24 |      0 |   19200 |      0 |    4800 |      0 |      72 |      0 |      48 |      0 |       0 |      0 |       0 |
| X0Y2              |      0 |       0 |      0 |       0 |      0 |       0 |      0 |       0 |      0 |       0 |      0 |       0 |      0 |       0 |
| X1Y2              |      0 |      24 |      0 |   19200 |      0 |    5280 |      0 |      48 |      0 |     120 |      0 |       0 |      0 |       0 |
| X2Y2              |      0 |      24 |      0 |   20160 |      0 |    5280 |      0 |      72 |      0 |      96 |      0 |       0 |      0 |       0 |
| X3Y2              |      0 |      24 |      0 |   19200 |      0 |    4800 |      0 |      72 |      0 |      48 |      0 |       0 |      0 |       0 |
| X0Y3              |      0 |      24 |      0 |   27840 |      0 |    7200 |      0 |      96 |      0 |     144 |      0 |       4 |      0 |       0 |
| X1Y3              |      0 |      24 |      0 |   25920 |      0 |    7200 |      0 |      72 |      0 |     144 |      0 |       0 |      0 |       0 |
| X2Y3              |      0 |      24 |      0 |   20160 |      0 |    5280 |      0 |      72 |      0 |      96 |      0 |       0 |      0 |       0 |
| X3Y3              |      1 |      24 |      0 |   19200 |      0 |    4800 |      0 |      72 |      0 |      48 |      0 |       0 |      0 |       0 |
| X0Y4              |      0 |      24 |      0 |   27840 |      0 |    7200 |      0 |      96 |      0 |     144 |      0 |       4 |      0 |       0 |
| X1Y4              |      0 |      24 |      0 |   25920 |      0 |    7200 |      0 |      72 |      0 |     144 |      0 |       0 |      0 |       0 |
| X2Y4              |      0 |      24 |      0 |   20160 |      0 |    5280 |      0 |      72 |      0 |      96 |      0 |       0 |      0 |       0 |
| X3Y4              |      1 |      24 |      0 |   19200 |      0 |    4800 |      0 |      72 |      0 |      48 |      0 |       4 |      0 |       0 |
| X0Y5              |      0 |      24 |      0 |   27840 |      0 |    7200 |      0 |      96 |      0 |     144 |      0 |       4 |      0 |       0 |
| X1Y5              |      0 |      24 |      0 |   25920 |      0 |    7200 |      0 |      72 |      0 |     144 |      0 |       0 |      0 |       0 |
| X2Y5              |      0 |      24 |      0 |   20160 |      0 |    5280 |      0 |      72 |      0 |      96 |      0 |       0 |      0 |       0 |
| X3Y5              |      1 |      24 |      0 |   19200 |      0 |    4800 |      0 |      72 |      0 |      48 |      0 |       4 |      0 |       0 |
| X0Y6              |      0 |      24 |      0 |   27840 |      0 |    7200 |      0 |      96 |      0 |     144 |      0 |       4 |      0 |       0 |
| X1Y6              |      0 |      24 |      0 |   25920 |      0 |    7200 |      0 |      72 |      0 |     144 |      0 |       0 |      0 |       0 |
| X2Y6              |      0 |      24 |      0 |   20160 |      0 |    5280 |      0 |      72 |      0 |      96 |      0 |       0 |      0 |       0 |
| X3Y6              |      5 |      24 |   1515 |   19200 |      1 |    4800 |      0 |      72 |      0 |      48 |      1 |       4 |      0 |       0 |
+-------------------+--------+---------+--------+---------+--------+---------+--------+---------+--------+---------+--------+---------+--------+---------+
* Global Clock column represents track count; while other columns represents cell counts


7. Clock Regions : Global Clock Summary
---------------------------------------

All Modules
+----+----+----+----+----+
|    | X0 | X1 | X2 | X3 |
+----+----+----+----+----+
| Y6 |  0 |  0 |  0 |  5 |
| Y5 |  0 |  0 |  0 |  0 |
| Y4 |  0 |  0 |  0 |  0 |
| Y3 |  0 |  0 |  0 |  0 |
| Y2 |  0 |  0 |  0 |  0 |
| Y1 |  0 |  0 |  0 |  0 |
| Y0 |  0 |  0 |  0 |  1 |
+----+----+----+----+----+


8. Clock Regions : Routing Resource Utilization
-----------------------------------------------

All Modules
+-------------------+----------------------+----------------------+----------------------+----------------------+
|                   |        HROUTES       |        HDISTRS       |        VROUTES       |        VDISTRS       |
+-------------------+------+-------+-------+------+-------+-------+------+-------+-------+------+-------+-------+
| Clock Region Name | Used | Avail | Util% | Used | Avail | Util% | Used | Avail | Util% | Used | Avail | Util% |
+-------------------+------+-------+-------+------+-------+-------+------+-------+-------+------+-------+-------+
| X0Y0              |    0 |     0 |  0.00 |    0 |     0 |  0.00 |    0 |     0 |  0.00 |    0 |     0 |  0.00 |
| X1Y0              |    0 |    24 |  0.00 |    0 |    24 |  0.00 |    0 |    24 |  0.00 |    0 |    24 |  0.00 |
| X2Y0              |    0 |    24 |  0.00 |    0 |    24 |  0.00 |    0 |    24 |  0.00 |    0 |    24 |  0.00 |
| X3Y0              |    0 |    24 |  0.00 |    1 |    24 |  4.17 |    0 |    24 |  0.00 |    0 |    24 |  0.00 |
| X0Y1              |    0 |     0 |  0.00 |    0 |     0 |  0.00 |    0 |     0 |  0.00 |    0 |     0 |  0.00 |
| X1Y1              |    0 |    24 |  0.00 |    0 |    24 |  0.00 |    0 |    24 |  0.00 |    0 |    24 |  0.00 |
| X2Y1              |    0 |    24 |  0.00 |    0 |    24 |  0.00 |    0 |    24 |  0.00 |    0 |    24 |  0.00 |
| X3Y1              |    0 |    24 |  0.00 |    0 |    24 |  0.00 |    0 |    24 |  0.00 |    0 |    24 |  0.00 |
| X0Y2              |    0 |     0 |  0.00 |    0 |     0 |  0.00 |    0 |     0 |  0.00 |    0 |     0 |  0.00 |
| X1Y2              |    0 |    24 |  0.00 |    0 |    24 |  0.00 |    0 |    24 |  0.00 |    0 |    24 |  0.00 |
| X2Y2              |    0 |    24 |  0.00 |    0 |    24 |  0.00 |    0 |    24 |  0.00 |    0 |    24 |  0.00 |
| X3Y2              |    0 |    24 |  0.00 |    0 |    24 |  0.00 |    0 |    24 |  0.00 |    0 |    24 |  0.00 |
| X0Y3              |    0 |    24 |  0.00 |    0 |    24 |  0.00 |    0 |    24 |  0.00 |    0 |    24 |  0.00 |
| X1Y3              |    0 |    24 |  0.00 |    0 |    24 |  0.00 |    0 |    24 |  0.00 |    0 |    24 |  0.00 |
| X2Y3              |    0 |    24 |  0.00 |    0 |    24 |  0.00 |    0 |    24 |  0.00 |    0 |    24 |  0.00 |
| X3Y3              |    1 |    24 |  4.17 |    0 |    24 |  0.00 |    0 |    24 |  0.00 |    0 |    24 |  0.00 |
| X0Y4              |    0 |    24 |  0.00 |    0 |    24 |  0.00 |    0 |    24 |  0.00 |    0 |    24 |  0.00 |
| X1Y4              |    0 |    24 |  0.00 |    0 |    24 |  0.00 |    0 |    24 |  0.00 |    0 |    24 |  0.00 |
| X2Y4              |    0 |    24 |  0.00 |    0 |    24 |  0.00 |    0 |    24 |  0.00 |    0 |    24 |  0.00 |
| X3Y4              |    0 |    24 |  0.00 |    0 |    24 |  0.00 |    1 |    24 |  4.17 |    0 |    24 |  0.00 |
| X0Y5              |    0 |    24 |  0.00 |    0 |    24 |  0.00 |    0 |    24 |  0.00 |    0 |    24 |  0.00 |
| X1Y5              |    0 |    24 |  0.00 |    0 |    24 |  0.00 |    0 |    24 |  0.00 |    0 |    24 |  0.00 |
| X2Y5              |    0 |    24 |  0.00 |    0 |    24 |  0.00 |    0 |    24 |  0.00 |    0 |    24 |  0.00 |
| X3Y5              |    0 |    24 |  0.00 |    0 |    24 |  0.00 |    1 |    24 |  4.17 |    0 |    24 |  0.00 |
| X0Y6              |    0 |    24 |  0.00 |    0 |    24 |  0.00 |    0 |    24 |  0.00 |    0 |    24 |  0.00 |
| X1Y6              |    0 |    24 |  0.00 |    0 |    24 |  0.00 |    0 |    24 |  0.00 |    0 |    24 |  0.00 |
| X2Y6              |    0 |    24 |  0.00 |    0 |    24 |  0.00 |    0 |    24 |  0.00 |    0 |    24 |  0.00 |
| X3Y6              |    0 |    24 |  0.00 |    5 |    24 | 20.83 |    1 |    24 |  4.17 |    1 |    24 |  4.17 |
+-------------------+------+-------+-------+------+-------+-------+------+-------+-------+------+-------+-------+


9. Device Cell Placement Summary for Global Clock g0
----------------------------------------------------

+-----------+-----------------+-------------------+------------+-------------+---------------+----------+-------------+----------+----------------+----------+------------------------------------------------------------------------------------------------+
| Global Id | Driver Type/Pin | Driver Region (D) | Clock      | Period (ns) | Waveform (ns) | Root (R) | Slice Loads | IO Loads | Clocking Loads | GT Loads | Net                                                                                            |
+-----------+-----------------+-------------------+------------+-------------+---------------+----------+-------------+----------+----------------+----------+------------------------------------------------------------------------------------------------+
| g0        | BUFG_GT/O       | X3Y6              | tx_clk_out |       6.400 | {0.000 3.200} | X3Y6     |        1210 |        0 |              0 |        1 | ethernet_inst/axi4_stream_sfp_ethernet_controller_inst/inst/i_core_gtwiz_userclk_tx_inst_0/CLK |
+-----------+-----------------+-------------------+------------+-------------+---------------+----------+-------------+----------+----------------+----------+------------------------------------------------------------------------------------------------+
* Slice Loads column represents load cell count of all cell types other than IO, GT and clock resources
** IO Loads column represents load cell count of IO types
*** Clocking Loads column represents load cell count that are clock resources (global clock buffer, MMCM, PLL, etc)
**** GT Loads column represents load cell count of GT types


+----+----+----+----+--------------+
|    | X0 | X1 | X2 | X3           |
+----+----+----+----+--------------+
| Y6 |  0 |  0 |  0 | (R) (D) 1211 |
| Y5 |  0 |  0 |  0 |            0 |
| Y4 |  0 |  0 |  0 |            0 |
| Y3 |  0 |  0 |  0 |            0 |
| Y2 |  0 |  0 |  0 |            0 |
| Y1 |  0 |  0 |  0 |            0 |
| Y0 |  0 |  0 |  0 |            0 |
+----+----+----+----+--------------+


10. Device Cell Placement Summary for Global Clock g1
-----------------------------------------------------

+-----------+-----------------+-------------------+-----------------+-------------+---------------+----------+-------------+----------+----------------+----------+-----------------------------------------------------------------------------------------------------------+
| Global Id | Driver Type/Pin | Driver Region (D) | Clock           | Period (ns) | Waveform (ns) | Root (R) | Slice Loads | IO Loads | Clocking Loads | GT Loads | Net                                                                                                       |
+-----------+-----------------+-------------------+-----------------+-------------+---------------+----------+-------------+----------+----------------+----------+-----------------------------------------------------------------------------------------------------------+
| g1        | BUFG_GT/O       | X3Y6              | txoutclk_out[0] |       3.200 | {0.000 1.600} | X3Y6     |           0 |        0 |              0 |        1 | ethernet_inst/axi4_stream_sfp_ethernet_controller_inst/inst/i_core_gtwiz_userclk_tx_inst_0/txusrclk_in[0] |
+-----------+-----------------+-------------------+-----------------+-------------+---------------+----------+-------------+----------+----------------+----------+-----------------------------------------------------------------------------------------------------------+
* Slice Loads column represents load cell count of all cell types other than IO, GT and clock resources
** IO Loads column represents load cell count of IO types
*** Clocking Loads column represents load cell count that are clock resources (global clock buffer, MMCM, PLL, etc)
**** GT Loads column represents load cell count of GT types


+----+----+----+----+-----------+
|    | X0 | X1 | X2 | X3        |
+----+----+----+----+-----------+
| Y6 |  0 |  0 |  0 | (R) (D) 1 |
| Y5 |  0 |  0 |  0 |         0 |
| Y4 |  0 |  0 |  0 |         0 |
| Y3 |  0 |  0 |  0 |         0 |
| Y2 |  0 |  0 |  0 |         0 |
| Y1 |  0 |  0 |  0 |         0 |
| Y0 |  0 |  0 |  0 |         0 |
+----+----+----+----+-----------+


11. Device Cell Placement Summary for Global Clock g2
-----------------------------------------------------

+-----------+-----------------+-------------------+-----------+-------------+---------------+----------+-------------+----------+----------------+----------+--------------+
| Global Id | Driver Type/Pin | Driver Region (D) | Clock     | Period (ns) | Waveform (ns) | Root (R) | Slice Loads | IO Loads | Clocking Loads | GT Loads | Net          |
+-----------+-----------------+-------------------+-----------+-------------+---------------+----------+-------------+----------+----------------+----------+--------------+
| g2        | BUFGCE/O        | X3Y3              | CLK_125_P |       8.000 | {0.000 4.000} | X3Y6     |         228 |        0 |              0 |        1 | CLK_125_BUFG |
+-----------+-----------------+-------------------+-----------+-------------+---------------+----------+-------------+----------+----------------+----------+--------------+
* Slice Loads column represents load cell count of all cell types other than IO, GT and clock resources
** IO Loads column represents load cell count of IO types
*** Clocking Loads column represents load cell count that are clock resources (global clock buffer, MMCM, PLL, etc)
**** GT Loads column represents load cell count of GT types


+----+----+----+----+---------+
|    | X0 | X1 | X2 | X3      |
+----+----+----+----+---------+
| Y6 |  0 |  0 |  0 | (R) 229 |
| Y5 |  0 |  0 |  0 |       0 |
| Y4 |  0 |  0 |  0 |       0 |
| Y3 |  0 |  0 |  0 |   (D) 0 |
| Y2 |  0 |  0 |  0 |       0 |
| Y1 |  0 |  0 |  0 |       0 |
| Y0 |  0 |  0 |  0 |       0 |
+----+----+----+----+---------+


12. Device Cell Placement Summary for Global Clock g3
-----------------------------------------------------

+-----------+-----------------+-------------------+------------+-------------+---------------+----------+-------------+----------+----------------+----------+------------------------------------------------------------------------------------------------------+
| Global Id | Driver Type/Pin | Driver Region (D) | Clock      | Period (ns) | Waveform (ns) | Root (R) | Slice Loads | IO Loads | Clocking Loads | GT Loads | Net                                                                                                  |
+-----------+-----------------+-------------------+------------+-------------+---------------+----------+-------------+----------+----------------+----------+------------------------------------------------------------------------------------------------------+
| g3        | BUFG_GT/O       | X3Y6              | rx_clk_out |       6.400 | {0.000 3.200} | X3Y6     |          63 |        0 |              0 |        1 | ethernet_inst/axi4_stream_sfp_ethernet_controller_inst/inst/i_core_gtwiz_userclk_rx_inst_0/i_ll_rx_n |
+-----------+-----------------+-------------------+------------+-------------+---------------+----------+-------------+----------+----------------+----------+------------------------------------------------------------------------------------------------------+
* Slice Loads column represents load cell count of all cell types other than IO, GT and clock resources
** IO Loads column represents load cell count of IO types
*** Clocking Loads column represents load cell count that are clock resources (global clock buffer, MMCM, PLL, etc)
**** GT Loads column represents load cell count of GT types


+----+----+----+----+------------+
|    | X0 | X1 | X2 | X3         |
+----+----+----+----+------------+
| Y6 |  0 |  0 |  0 | (R) (D) 64 |
| Y5 |  0 |  0 |  0 |          0 |
| Y4 |  0 |  0 |  0 |          0 |
| Y3 |  0 |  0 |  0 |          0 |
| Y2 |  0 |  0 |  0 |          0 |
| Y1 |  0 |  0 |  0 |          0 |
| Y0 |  0 |  0 |  0 |          0 |
+----+----+----+----+------------+


13. Device Cell Placement Summary for Global Clock g4
-----------------------------------------------------

+-----------+-----------------+-------------------+-----------------+-------------+---------------+----------+-------------+----------+----------------+----------+-----------------------------------------------------------------------------------------------------------+
| Global Id | Driver Type/Pin | Driver Region (D) | Clock           | Period (ns) | Waveform (ns) | Root (R) | Slice Loads | IO Loads | Clocking Loads | GT Loads | Net                                                                                                       |
+-----------+-----------------+-------------------+-----------------+-------------+---------------+----------+-------------+----------+----------------+----------+-----------------------------------------------------------------------------------------------------------+
| g4        | BUFG_GT/O       | X3Y6              | rxoutclk_out[0] |       3.200 | {0.000 1.600} | X3Y6     |           0 |        0 |              0 |        1 | ethernet_inst/axi4_stream_sfp_ethernet_controller_inst/inst/i_core_gtwiz_userclk_rx_inst_0/rxusrclk_in[0] |
+-----------+-----------------+-------------------+-----------------+-------------+---------------+----------+-------------+----------+----------------+----------+-----------------------------------------------------------------------------------------------------------+
* Slice Loads column represents load cell count of all cell types other than IO, GT and clock resources
** IO Loads column represents load cell count of IO types
*** Clocking Loads column represents load cell count that are clock resources (global clock buffer, MMCM, PLL, etc)
**** GT Loads column represents load cell count of GT types


+----+----+----+----+-----------+
|    | X0 | X1 | X2 | X3        |
+----+----+----+----+-----------+
| Y6 |  0 |  0 |  0 | (R) (D) 1 |
| Y5 |  0 |  0 |  0 |         0 |
| Y4 |  0 |  0 |  0 |         0 |
| Y3 |  0 |  0 |  0 |         0 |
| Y2 |  0 |  0 |  0 |         0 |
| Y1 |  0 |  0 |  0 |         0 |
| Y0 |  0 |  0 |  0 |         0 |
+----+----+----+----+-----------+


14. Device Cell Placement Summary for Global Clock g5
-----------------------------------------------------

+-----------+-----------------+-------------------+-------------+-------------+---------------+----------+-------------+----------+----------------+----------+----------------+
| Global Id | Driver Type/Pin | Driver Region (D) | Clock       | Period (ns) | Waveform (ns) | Root (R) | Slice Loads | IO Loads | Clocking Loads | GT Loads | Net            |
+-----------+-----------------+-------------------+-------------+-------------+---------------+----------+-------------+----------+----------------+----------+----------------+
| g5        | BUFGCE/O        | X3Y0              | CLK_74_25_P |      13.400 | {0.000 6.700} | X3Y0     |          34 |        0 |              0 |        0 | CLK_74_25_BUFG |
+-----------+-----------------+-------------------+-------------+-------------+---------------+----------+-------------+----------+----------------+----------+----------------+
* Slice Loads column represents load cell count of all cell types other than IO, GT and clock resources
** IO Loads column represents load cell count of IO types
*** Clocking Loads column represents load cell count that are clock resources (global clock buffer, MMCM, PLL, etc)
**** GT Loads column represents load cell count of GT types


+----+----+----+----+------------+
|    | X0 | X1 | X2 | X3         |
+----+----+----+----+------------+
| Y6 |  0 |  0 |  0 |          0 |
| Y5 |  0 |  0 |  0 |          0 |
| Y4 |  0 |  0 |  0 |          0 |
| Y3 |  0 |  0 |  0 |          0 |
| Y2 |  0 |  0 |  0 |          0 |
| Y1 |  0 |  0 |  0 |          0 |
| Y0 |  0 |  0 |  0 | (R) (D) 34 |
+----+----+----+----+------------+


15. Clock Region Cell Placement per Global Clock: Region X3Y0
-------------------------------------------------------------

+-----------+-------+-----------------+------------+-------------+-----------------+----+--------+------+-----+----+------+-----+---------+----------------+
| Global Id | Track | Driver Type/Pin | Constraint | Clock Loads | Non-Clock Loads | FF | LUTRAM | RAMB | DSP | GT | MMCM | PLL | Hard IP | Net            |
+-----------+-------+-----------------+------------+-------------+-----------------+----+--------+------+-----+----+------+-----+---------+----------------+
| g5        | 2     | BUFGCE/O        | None       |          34 |               0 | 34 |      0 |    0 |   0 |  0 |    0 |   0 |       0 | CLK_74_25_BUFG |
+-----------+-------+-----------------+------------+-------------+-----------------+----+--------+------+-----+----+------+-----+---------+----------------+
* Clock Loads column represents the clock pin loads (pin count)
** Non-Clock Loads column represents the non-clock pin loads (pin count)
*** Columns FF, LUTRAM, RAMB through 'Hard IP' represents load cell counts


16. Clock Region Cell Placement per Global Clock: Region X3Y6
-------------------------------------------------------------

+-----------+-------+-----------------+------------+-------------+-----------------+------+--------+------+-----+----+------+-----+---------+-----------------------------------------------------------------------------------------------------------+
| Global Id | Track | Driver Type/Pin | Constraint | Clock Loads | Non-Clock Loads | FF   | LUTRAM | RAMB | DSP | GT | MMCM | PLL | Hard IP | Net                                                                                                       |
+-----------+-------+-----------------+------------+-------------+-----------------+------+--------+------+-----+----+------+-----+---------+-----------------------------------------------------------------------------------------------------------+
| g0        | 21    | BUFG_GT/O       | None       |        1211 |               0 | 1209 |      1 |    0 |   0 |  1 |    0 |   0 |       0 | ethernet_inst/axi4_stream_sfp_ethernet_controller_inst/inst/i_core_gtwiz_userclk_tx_inst_0/CLK            |
| g2        | 2     | BUFGCE/O        | None       |         229 |               0 |  228 |      0 |    0 |   0 |  1 |    0 |   0 |       0 | CLK_125_BUFG                                                                                              |
| g3        | 23    | BUFG_GT/O       | None       |          64 |               0 |   63 |      0 |    0 |   0 |  1 |    0 |   0 |       0 | ethernet_inst/axi4_stream_sfp_ethernet_controller_inst/inst/i_core_gtwiz_userclk_rx_inst_0/i_ll_rx_n      |
| g4        | 22    | BUFG_GT/O       | None       |           1 |               0 |    0 |      0 |    0 |   0 |  1 |    0 |   0 |       0 | ethernet_inst/axi4_stream_sfp_ethernet_controller_inst/inst/i_core_gtwiz_userclk_rx_inst_0/rxusrclk_in[0] |
| g1        | 20    | BUFG_GT/O       | None       |           1 |               0 |    0 |      0 |    0 |   0 |  1 |    0 |   0 |       0 | ethernet_inst/axi4_stream_sfp_ethernet_controller_inst/inst/i_core_gtwiz_userclk_tx_inst_0/txusrclk_in[0] |
+-----------+-------+-----------------+------------+-------------+-----------------+------+--------+------+-----+----+------+-----+---------+-----------------------------------------------------------------------------------------------------------+
* Clock Loads column represents the clock pin loads (pin count)
** Non-Clock Loads column represents the non-clock pin loads (pin count)
*** Columns FF, LUTRAM, RAMB through 'Hard IP' represents load cell counts


